7/11/2018 1:08:57 PM	This log contains information about the import schema operation into project 'Forum.DB' on computer 'LUSINE-PC' by user 'Lusine'.
7/11/2018 1:08:58 PM	Import of database schema has started.
7/11/2018 1:09:05 PM	Gathering database options
7/11/2018 1:09:05 PM	Gathering users
7/11/2018 1:09:05 PM	Gathering roles
7/11/2018 1:09:05 PM	Gathering application roles
7/11/2018 1:09:05 PM	Gathering role memberships
7/11/2018 1:09:05 PM	Gathering filegroups
7/11/2018 1:09:05 PM	Gathering full-text catalogs
7/11/2018 1:09:05 PM	Gathering assemblies
7/11/2018 1:09:05 PM	Gathering certificates
7/11/2018 1:09:06 PM	Gathering asymmetric keys
7/11/2018 1:09:06 PM	Gathering symmetric keys
7/11/2018 1:09:06 PM	Gathering encrypted symmetric keys
7/11/2018 1:09:06 PM	Gathering schemas
7/11/2018 1:09:06 PM	Gathering XML schema collections
7/11/2018 1:09:06 PM	Gathering user-defined data types
7/11/2018 1:09:06 PM	Gathering user-defined types
7/11/2018 1:09:06 PM	Gathering table types
7/11/2018 1:09:06 PM	Gathering unique keys for table types
7/11/2018 1:09:06 PM	Gathering primary keys for table types
7/11/2018 1:09:06 PM	Gathering indexes for table types
7/11/2018 1:09:06 PM	Gathering check constraints for table types
7/11/2018 1:09:06 PM	Gathering default constraints for table types
7/11/2018 1:09:06 PM	Gathering partition functions
7/11/2018 1:09:06 PM	Gathering partition schemes
7/11/2018 1:09:06 PM	Gathering functions
7/11/2018 1:09:06 PM	Gathering encrypted functions
7/11/2018 1:09:06 PM	Gathering aggregates
7/11/2018 1:09:06 PM	Gathering procedures
7/11/2018 1:09:06 PM	Gathering encrypted procedures
7/11/2018 1:09:06 PM	Gathering tables
7/11/2018 1:09:06 PM	Gathering primary keys
7/11/2018 1:09:06 PM	Gathering unique constraints
7/11/2018 1:09:06 PM	Gathering foreign keys
7/11/2018 1:09:06 PM	Gathering default constraints
7/11/2018 1:09:06 PM	Gathering check constraints
7/11/2018 1:09:06 PM	Gathering views
7/11/2018 1:09:06 PM	Gathering encrypted views
7/11/2018 1:09:06 PM	Gathering indexes
7/11/2018 1:09:06 PM	Gathering statistics
7/11/2018 1:09:06 PM	Gathering full-text index stoplists
7/11/2018 1:09:06 PM	Gathering search property lists
7/11/2018 1:09:06 PM	Gathering search properties
7/11/2018 1:09:06 PM	Gathering full-text indexes
7/11/2018 1:09:06 PM	Gathering column store indexes
7/11/2018 1:09:06 PM	Gathering spatial indexes
7/11/2018 1:09:06 PM	Gathering XML indexes
7/11/2018 1:09:06 PM	Gathering Selective XML indexes
7/11/2018 1:09:06 PM	Gathering encrypted triggers
7/11/2018 1:09:06 PM	Gathering triggers
7/11/2018 1:09:06 PM	Gathering encrypted and clr ddl triggers
7/11/2018 1:09:06 PM	Gathering ddl triggers
7/11/2018 1:09:06 PM	Gathering synonyms
7/11/2018 1:09:06 PM	Gathering defaults
7/11/2018 1:09:06 PM	Gathering data constraint uddt bindings
7/11/2018 1:09:06 PM	Gathering rules
7/11/2018 1:09:06 PM	Gathering data constraint uddt bindings
7/11/2018 1:09:06 PM	Gathering message types
7/11/2018 1:09:06 PM	Gathering queues
7/11/2018 1:09:06 PM	Gathering contracts
7/11/2018 1:09:06 PM	Gathering services
7/11/2018 1:09:06 PM	Gathering event notifications
7/11/2018 1:09:06 PM	Gathering remote service bindings
7/11/2018 1:09:06 PM	Gathering broker priorities
7/11/2018 1:09:06 PM	Gathering signatures
7/11/2018 1:09:06 PM	Gathering data compression options
7/11/2018 1:09:06 PM	Gathering sequence types
7/11/2018 1:09:06 PM	Gathering security policies
7/11/2018 1:09:06 PM	Gather column encryption keys
7/11/2018 1:09:06 PM	Gathering column master keys
7/11/2018 1:09:06 PM	Gathering external data sources
7/11/2018 1:09:06 PM	Gathering external file formats
7/11/2018 1:09:06 PM	Gathering external tables
7/11/2018 1:09:06 PM	Gathering extended properties
7/11/2018 1:09:06 PM	Gathering credentials
7/11/2018 1:09:06 PM	Gathering logins
7/11/2018 1:09:06 PM	Gathering server audits
7/11/2018 1:09:06 PM	Scanning project for duplicate elements
7/11/2018 1:09:06 PM	Finished duplicate element processing
7/11/2018 1:09:07 PM	Finished importing database.
7/11/2018 1:09:07 PM	A summary of the import was saved to the following location: C:\Users\Lusine\Desktop\Forum\Forum\Forum.DB\Import Schema Logs\Forum.DB_20180711090857.log
7/11/2018 1:09:07 PM	Click Finish to continue...
